Build started 24-08-2025 19:02:32.
     1>Project "C:\Users\azmut\OneDrive\documents\visual studio 2010\Projects\ynassignment\ynassignment\ynassignment.vcxproj" on node 2 (build target(s)).
     1>InitializeBuildStatus:
         Creating "Debug\ynassignment.unsuccessfulbuild" because "AlwaysCreate" was specified.
       ClCompile:
         All outputs are up-to-date.
         C:\Program Files (x86)\Microsoft Visual Studio 10.0\VC\bin\CL.exe /c /ZI /nologo /W3 /WX- /Od /Oy- /D WIN32 /D _DEBUG /D _CONSOLE /D _UNICODE /D UNICODE /Gm /EHsc /RTC1 /MDd /GS /fp:precise /Zc:wchar_t /Zc:forScope /Yu"StdAfx.h" /Fp"Debug\ynassignment.pch" /Fo"Debug\\" /Fd"Debug\vc100.pdb" /Gd /TP /analyze- /errorReport:prompt ynassignment.cpp
         ynassignment.cpp
       ManifestResourceCompile:
         All outputs are up-to-date.
       Link:
         C:\Program Files (x86)\Microsoft Visual Studio 10.0\VC\bin\link.exe /ERRORREPORT:PROMPT /OUT:"C:\Users\azmut\onedrive\documents\visual studio 2010\Projects\ynassignment\Debug\ynassignment.exe" /INCREMENTAL /NOLOGO kernel32.lib user32.lib gdi32.lib winspool.lib comdlg32.lib advapi32.lib shell32.lib ole32.lib oleaut32.lib uuid.lib odbc32.lib odbccp32.lib /MANIFEST /ManifestFile:"Debug\ynassignment.exe.intermediate.manifest" /MANIFESTUAC:"level='asInvoker' uiAccess='false'" /DEBUG /PDB:"C:\Users\azmut\onedrive\documents\visual studio 2010\Projects\ynassignment\Debug\ynassignment.pdb" /SUBSYSTEM:CONSOLE /TLBID:1 /DYNAMICBASE /NXCOMPAT /IMPLIB:"C:\Users\azmut\onedrive\documents\visual studio 2010\Projects\ynassignment\Debug\ynassignment.lib" /MACHINE:X86 Debug\ynassignment.exe.embed.manifest.res
         Debug\stdafx.obj
         Debug\ynassignment.obj
       Manifest:
         C:\Program Files (x86)\Microsoft SDKs\Windows\v7.0A\bin\mt.exe /nologo /verbose /out:"Debug\ynassignment.exe.embed.manifest" /manifest Debug\ynassignment.exe.intermediate.manifest
         All outputs are up-to-date.
       LinkEmbedManifest:
         All outputs are up-to-date.
         ynassignment.vcxproj -> C:\Users\azmut\onedrive\documents\visual studio 2010\Projects\ynassignment\Debug\ynassignment.exe
       FinalizeBuildStatus:
         Deleting file "Debug\ynassignment.unsuccessfulbuild".
         Touching "Debug\ynassignment.lastbuildstate".
     1>Done Building Project "C:\Users\azmut\OneDrive\documents\visual studio 2010\Projects\ynassignment\ynassignment\ynassignment.vcxproj" (build target(s)).

Build succeeded.

Time Elapsed 00:00:01.18
