Build started 15-10-2025 07:55:09.
     1>Project "C:\Users\azmut\OneDrive\documents\visual studio 2010\Projects\AS4_254101020\AS4_254101020\AS4_254101020.vcxproj" on node 2 (build target(s)).
     1>InitializeBuildStatus:
         Touching "Debug\AS4_254101020.unsuccessfulbuild".
       ClCompile:
         All outputs are up-to-date.
         C:\Program Files (x86)\Microsoft Visual Studio 10.0\VC\bin\CL.exe /c /ZI /nologo /W3 /WX- /Od /Oy- /D WIN32 /D _DEBUG /D _CONSOLE /D _UNICODE /D UNICODE /Gm /EHsc /RTC1 /MDd /GS /fp:precise /Zc:wchar_t /Zc:forScope /Yu"StdAfx.h" /Fp"Debug\AS4_254101020.pch" /Fo"Debug\\" /Fd"Debug\vc100.pdb" /Gd /TP /analyze- /errorReport:prompt AS4_254101020.cpp
         AS4_254101020.cpp
     1>c:\users\azmut\onedrive\documents\visual studio 2010\projects\as4_254101020\as4_254101020\as4_254101020.cpp(152): warning C4996: 'sprintf': This function or variable may be unsafe. Consider using sprintf_s instead. To disable deprecation, use _CRT_SECURE_NO_WARNINGS. See online help for details.
                 c:\program files (x86)\microsoft visual studio 10.0\vc\include\stdio.h(371) : see declaration of 'sprintf'
     1>c:\users\azmut\onedrive\documents\visual studio 2010\projects\as4_254101020\as4_254101020\as4_254101020.cpp(153): warning C4996: 'fopen': This function or variable may be unsafe. Consider using fopen_s instead. To disable deprecation, use _CRT_SECURE_NO_WARNINGS. See online help for details.
                 c:\program files (x86)\microsoft visual studio 10.0\vc\include\stdio.h(234) : see declaration of 'fopen'
     1>c:\users\azmut\onedrive\documents\visual studio 2010\projects\as4_254101020\as4_254101020\as4_254101020.cpp(161): warning C4996: 'fscanf': This function or variable may be unsafe. Consider using fscanf_s instead. To disable deprecation, use _CRT_SECURE_NO_WARNINGS. See online help for details.
                 c:\program files (x86)\microsoft visual studio 10.0\vc\include\stdio.h(253) : see declaration of 'fscanf'
     1>c:\users\azmut\onedrive\documents\visual studio 2010\projects\as4_254101020\as4_254101020\as4_254101020.cpp(200): warning C4996: 'sprintf': This function or variable may be unsafe. Consider using sprintf_s instead. To disable deprecation, use _CRT_SECURE_NO_WARNINGS. See online help for details.
                 c:\program files (x86)\microsoft visual studio 10.0\vc\include\stdio.h(371) : see declaration of 'sprintf'
     1>c:\users\azmut\onedrive\documents\visual studio 2010\projects\as4_254101020\as4_254101020\as4_254101020.cpp(201): warning C4996: 'fopen': This function or variable may be unsafe. Consider using fopen_s instead. To disable deprecation, use _CRT_SECURE_NO_WARNINGS. See online help for details.
                 c:\program files (x86)\microsoft visual studio 10.0\vc\include\stdio.h(234) : see declaration of 'fopen'
     1>c:\users\azmut\onedrive\documents\visual studio 2010\projects\as4_254101020\as4_254101020\as4_254101020.cpp(231): warning C4996: 'sprintf': This function or variable may be unsafe. Consider using sprintf_s instead. To disable deprecation, use _CRT_SECURE_NO_WARNINGS. See online help for details.
                 c:\program files (x86)\microsoft visual studio 10.0\vc\include\stdio.h(371) : see declaration of 'sprintf'
     1>c:\users\azmut\onedrive\documents\visual studio 2010\projects\as4_254101020\as4_254101020\as4_254101020.cpp(232): warning C4996: 'fopen': This function or variable may be unsafe. Consider using fopen_s instead. To disable deprecation, use _CRT_SECURE_NO_WARNINGS. See online help for details.
                 c:\program files (x86)\microsoft visual studio 10.0\vc\include\stdio.h(234) : see declaration of 'fopen'
     1>c:\users\azmut\onedrive\documents\visual studio 2010\projects\as4_254101020\as4_254101020\as4_254101020.cpp(240): warning C4996: 'fscanf': This function or variable may be unsafe. Consider using fscanf_s instead. To disable deprecation, use _CRT_SECURE_NO_WARNINGS. See online help for details.
                 c:\program files (x86)\microsoft visual studio 10.0\vc\include\stdio.h(253) : see declaration of 'fscanf'
     1>c:\users\azmut\onedrive\documents\visual studio 2010\projects\as4_254101020\as4_254101020\as4_254101020.cpp(290): warning C4996: 'sprintf': This function or variable may be unsafe. Consider using sprintf_s instead. To disable deprecation, use _CRT_SECURE_NO_WARNINGS. See online help for details.
                 c:\program files (x86)\microsoft visual studio 10.0\vc\include\stdio.h(371) : see declaration of 'sprintf'
     1>c:\users\azmut\onedrive\documents\visual studio 2010\projects\as4_254101020\as4_254101020\as4_254101020.cpp(291): warning C4996: 'fopen': This function or variable may be unsafe. Consider using fopen_s instead. To disable deprecation, use _CRT_SECURE_NO_WARNINGS. See online help for details.
                 c:\program files (x86)\microsoft visual studio 10.0\vc\include\stdio.h(234) : see declaration of 'fopen'
     1>c:\users\azmut\onedrive\documents\visual studio 2010\projects\as4_254101020\as4_254101020\as4_254101020.cpp(296): warning C4996: 'fscanf': This function or variable may be unsafe. Consider using fscanf_s instead. To disable deprecation, use _CRT_SECURE_NO_WARNINGS. See online help for details.
                 c:\program files (x86)\microsoft visual studio 10.0\vc\include\stdio.h(253) : see declaration of 'fscanf'
       ManifestResourceCompile:
         All outputs are up-to-date.
       Link:
         C:\Program Files (x86)\Microsoft Visual Studio 10.0\VC\bin\link.exe /ERRORREPORT:PROMPT /OUT:"C:\Users\azmut\onedrive\documents\visual studio 2010\Projects\AS4_254101020\Debug\AS4_254101020.exe" /INCREMENTAL /NOLOGO kernel32.lib user32.lib gdi32.lib winspool.lib comdlg32.lib advapi32.lib shell32.lib ole32.lib oleaut32.lib uuid.lib odbc32.lib odbccp32.lib /MANIFEST /ManifestFile:"Debug\AS4_254101020.exe.intermediate.manifest" /MANIFESTUAC:"level='asInvoker' uiAccess='false'" /DEBUG /PDB:"C:\Users\azmut\onedrive\documents\visual studio 2010\Projects\AS4_254101020\Debug\AS4_254101020.pdb" /SUBSYSTEM:CONSOLE /TLBID:1 /DYNAMICBASE /NXCOMPAT /IMPLIB:"C:\Users\azmut\onedrive\documents\visual studio 2010\Projects\AS4_254101020\Debug\AS4_254101020.lib" /MACHINE:X86 Debug\AS4_254101020.exe.embed.manifest.res
         Debug\AS4_254101020.obj
         Debug\stdafx.obj
       Manifest:
         C:\Program Files (x86)\Microsoft SDKs\Windows\v7.0A\bin\mt.exe /nologo /verbose /out:"Debug\AS4_254101020.exe.embed.manifest" /manifest Debug\AS4_254101020.exe.intermediate.manifest
         All outputs are up-to-date.
       LinkEmbedManifest:
         All outputs are up-to-date.
         AS4_254101020.vcxproj -> C:\Users\azmut\onedrive\documents\visual studio 2010\Projects\AS4_254101020\Debug\AS4_254101020.exe
       FinalizeBuildStatus:
         Deleting file "Debug\AS4_254101020.unsuccessfulbuild".
         Touching "Debug\AS4_254101020.lastbuildstate".
     1>Done Building Project "C:\Users\azmut\OneDrive\documents\visual studio 2010\Projects\AS4_254101020\AS4_254101020\AS4_254101020.vcxproj" (build target(s)).

Build succeeded.

Time Elapsed 00:00:01.26
