Build started 15-10-2025 18:18:50.
     1>Project "C:\Users\azmut\OneDrive\documents\visual studio 2010\Projects\254101020_LBG_Assignment5.zip\254101020_LBG_Assignment5.zip\254101020_LBG_Assignment5.zip.vcxproj" on node 2 (build target(s)).
     1>InitializeBuildStatus:
         Creating "Debug\254101020_LBG_Assignment5.zip.unsuccessfulbuild" because "AlwaysCreate" was specified.
       ClCompile:
         All outputs are up-to-date.
         C:\Program Files (x86)\Microsoft Visual Studio 10.0\VC\bin\CL.exe /c /ZI /nologo /W3 /WX- /Od /Oy- /D WIN32 /D _DEBUG /D _CONSOLE /D _UNICODE /D UNICODE /Gm /EHsc /RTC1 /MDd /GS /fp:precise /Zc:wchar_t /Zc:forScope /Yu"StdAfx.h" /Fp"Debug\254101020_LBG_Assignment5.zip.pch" /Fo"Debug\\" /Fd"Debug\vc100.pdb" /Gd /TP /analyze- /errorReport:prompt 254101020_LBG_Assignment5.zip.cpp
         254101020_LBG_Assignment5.zip.cpp
     1>c:\users\azmut\onedrive\documents\visual studio 2010\projects\254101020_lbg_assignment5.zip\254101020_lbg_assignment5.zip\254101020_lbg_assignment5.zip.cpp(40): warning C4996: 'fscanf': This function or variable may be unsafe. Consider using fscanf_s instead. To disable deprecation, use _CRT_SECURE_NO_WARNINGS. See online help for details.
                 c:\program files (x86)\microsoft visual studio 10.0\vc\include\stdio.h(253) : see declaration of 'fscanf'
       ManifestResourceCompile:
         All outputs are up-to-date.
       Link:
         C:\Program Files (x86)\Microsoft Visual Studio 10.0\VC\bin\link.exe /ERRORREPORT:PROMPT /OUT:"C:\Users\azmut\onedrive\documents\visual studio 2010\Projects\254101020_LBG_Assignment5.zip\Debug\254101020_LBG_Assignment5.zip.exe" /INCREMENTAL /NOLOGO kernel32.lib user32.lib gdi32.lib winspool.lib comdlg32.lib advapi32.lib shell32.lib ole32.lib oleaut32.lib uuid.lib odbc32.lib odbccp32.lib /MANIFEST /ManifestFile:"Debug\254101020_LBG_Assignment5.zip.exe.intermediate.manifest" /MANIFESTUAC:"level='asInvoker' uiAccess='false'" /DEBUG /PDB:"C:\Users\azmut\onedrive\documents\visual studio 2010\Projects\254101020_LBG_Assignment5.zip\Debug\254101020_LBG_Assignment5.zip.pdb" /SUBSYSTEM:CONSOLE /TLBID:1 /DYNAMICBASE /NXCOMPAT /IMPLIB:"C:\Users\azmut\onedrive\documents\visual studio 2010\Projects\254101020_LBG_Assignment5.zip\Debug\254101020_LBG_Assignment5.zip.lib" /MACHINE:X86 Debug\254101020_LBG_Assignment5.zip.exe.embed.manifest.res
         Debug\254101020_LBG_Assignment5.zip.obj
         Debug\stdafx.obj
       Manifest:
         C:\Program Files (x86)\Microsoft SDKs\Windows\v7.0A\bin\mt.exe /nologo /verbose /out:"Debug\254101020_LBG_Assignment5.zip.exe.embed.manifest" /manifest Debug\254101020_LBG_Assignment5.zip.exe.intermediate.manifest
         All outputs are up-to-date.
       LinkEmbedManifest:
         All outputs are up-to-date.
         254101020_LBG_Assignment5.zip.vcxproj -> C:\Users\azmut\onedrive\documents\visual studio 2010\Projects\254101020_LBG_Assignment5.zip\Debug\254101020_LBG_Assignment5.zip.exe
       FinalizeBuildStatus:
         Deleting file "Debug\254101020_LBG_Assignment5.zip.unsuccessfulbuild".
         Touching "Debug\254101020_LBG_Assignment5.zip.lastbuildstate".
     1>Done Building Project "C:\Users\azmut\OneDrive\documents\visual studio 2010\Projects\254101020_LBG_Assignment5.zip\254101020_LBG_Assignment5.zip\254101020_LBG_Assignment5.zip.vcxproj" (build target(s)).

Build succeeded.

Time Elapsed 00:00:00.97
