Build started 23-11-2025 22:36:07.
     1>Project "c:\Users\azmut\OneDrive\documents\visual studio 2010\Projects\Digit_Recognition\Digit_Recognition\Digit_Recognition.vcxproj" on node 2 (build target(s)).
     1>PrepareForBuild:
         Creating directory "c:\users\azmut\onedrive\documents\visual studio 2010\Projects\Digit_Recognition\Debug\".
       InitializeBuildStatus:
         Creating "Debug\Digit_Recognition.unsuccessfulbuild" because "AlwaysCreate" was specified.
       ClCompile:
         C:\Program Files (x86)\Microsoft Visual Studio 10.0\VC\bin\CL.exe /c /ZI /nologo /W3 /WX- /Od /Oy- /D WIN32 /D _DEBUG /D _CONSOLE /D _UNICODE /D UNICODE /Gm /EHsc /RTC1 /MDd /GS /fp:precise /Zc:wchar_t /Zc:forScope /Yc"StdAfx.h" /Fp"Debug\Digit_Recognition.pch" /Fo"Debug\\" /Fd"Debug\vc100.pdb" /Gd /TP /analyze- /errorReport:prompt stdafx.cpp
         stdafx.cpp
         C:\Program Files (x86)\Microsoft Visual Studio 10.0\VC\bin\CL.exe /c /ZI /nologo /W3 /WX- /Od /Oy- /D WIN32 /D _DEBUG /D _CONSOLE /D _UNICODE /D UNICODE /Gm /EHsc /RTC1 /MDd /GS /fp:precise /Zc:wchar_t /Zc:forScope /Yu"StdAfx.h" /Fp"Debug\Digit_Recognition.pch" /Fo"Debug\\" /Fd"Debug\vc100.pdb" /Gd /TP /analyze- /errorReport:prompt Digit_Recognition.cpp
         Digit_Recognition.cpp
       ManifestResourceCompile:
         C:\Program Files (x86)\Microsoft SDKs\Windows\v7.0A\bin\rc.exe /nologo /fo"Debug\Digit_Recognition.exe.embed.manifest.res" Debug\Digit_Recognition_manifest.rc 
       Link:
         C:\Program Files (x86)\Microsoft Visual Studio 10.0\VC\bin\link.exe /ERRORREPORT:PROMPT /OUT:"c:\users\azmut\onedrive\documents\visual studio 2010\Projects\Digit_Recognition\Debug\Digit_Recognition.exe" /INCREMENTAL /NOLOGO kernel32.lib user32.lib gdi32.lib winspool.lib comdlg32.lib advapi32.lib shell32.lib ole32.lib oleaut32.lib uuid.lib odbc32.lib odbccp32.lib /MANIFEST /ManifestFile:"Debug\Digit_Recognition.exe.intermediate.manifest" /MANIFESTUAC:"level='asInvoker' uiAccess='false'" /DEBUG /PDB:"c:\users\azmut\onedrive\documents\visual studio 2010\Projects\Digit_Recognition\Debug\Digit_Recognition.pdb" /SUBSYSTEM:CONSOLE /TLBID:1 /DYNAMICBASE /NXCOMPAT /IMPLIB:"c:\users\azmut\onedrive\documents\visual studio 2010\Projects\Digit_Recognition\Debug\Digit_Recognition.lib" /MACHINE:X86 Debug\Digit_Recognition.exe.embed.manifest.res
         Debug\Digit_Recognition.obj
         Debug\stdafx.obj
       Manifest:
         C:\Program Files (x86)\Microsoft SDKs\Windows\v7.0A\bin\mt.exe /nologo /verbose /out:"Debug\Digit_Recognition.exe.embed.manifest" /manifest Debug\Digit_Recognition.exe.intermediate.manifest
         C:\Program Files (x86)\Microsoft SDKs\Windows\v7.0A\bin\rc.exe /nologo /fo"Debug\Digit_Recognition.exe.embed.manifest.res" Debug\Digit_Recognition_manifest.rc 
       LinkEmbedManifest:
         C:\Program Files (x86)\Microsoft Visual Studio 10.0\VC\bin\link.exe /ERRORREPORT:PROMPT /OUT:"c:\users\azmut\onedrive\documents\visual studio 2010\Projects\Digit_Recognition\Debug\Digit_Recognition.exe" /INCREMENTAL /NOLOGO kernel32.lib user32.lib gdi32.lib winspool.lib comdlg32.lib advapi32.lib shell32.lib ole32.lib oleaut32.lib uuid.lib odbc32.lib odbccp32.lib /MANIFEST /ManifestFile:"Debug\Digit_Recognition.exe.intermediate.manifest" /MANIFESTUAC:"level='asInvoker' uiAccess='false'" /DEBUG /PDB:"c:\users\azmut\onedrive\documents\visual studio 2010\Projects\Digit_Recognition\Debug\Digit_Recognition.pdb" /SUBSYSTEM:CONSOLE /TLBID:1 /DYNAMICBASE /NXCOMPAT /IMPLIB:"c:\users\azmut\onedrive\documents\visual studio 2010\Projects\Digit_Recognition\Debug\Digit_Recognition.lib" /MACHINE:X86 Debug\Digit_Recognition.exe.embed.manifest.res
         Debug\Digit_Recognition.obj
         Debug\stdafx.obj
         Digit_Recognition.vcxproj -> c:\users\azmut\onedrive\documents\visual studio 2010\Projects\Digit_Recognition\Debug\Digit_Recognition.exe
       FinalizeBuildStatus:
         Deleting file "Debug\Digit_Recognition.unsuccessfulbuild".
         Touching "Debug\Digit_Recognition.lastbuildstate".
     1>Done Building Project "c:\Users\azmut\OneDrive\documents\visual studio 2010\Projects\Digit_Recognition\Digit_Recognition\Digit_Recognition.vcxproj" (build target(s)).

Build succeeded.

Time Elapsed 00:00:04.32
