Build started 08-11-2025 23:00:53.
     1>Project "c:\Users\azmut\OneDrive\documents\visual studio 2010\Projects\254101020_HMM3\254101020_HMM3\254101020_HMM3.vcxproj" on node 2 (build target(s)).
     1>PrepareForBuild:
         Creating directory "c:\users\azmut\onedrive\documents\visual studio 2010\Projects\254101020_HMM3\Debug\".
       InitializeBuildStatus:
         Creating "Debug\254101020_HMM3.unsuccessfulbuild" because "AlwaysCreate" was specified.
       ClCompile:
         C:\Program Files (x86)\Microsoft Visual Studio 10.0\VC\bin\CL.exe /c /ZI /nologo /W3 /WX- /Od /Oy- /D WIN32 /D _DEBUG /D _CONSOLE /D _UNICODE /D UNICODE /Gm /EHsc /RTC1 /MDd /GS /fp:precise /Zc:wchar_t /Zc:forScope /Yc"StdAfx.h" /Fp"Debug\254101020_HMM3.pch" /Fo"Debug\\" /Fd"Debug\vc100.pdb" /Gd /TP /analyze- /errorReport:prompt stdafx.cpp
         stdafx.cpp
         C:\Program Files (x86)\Microsoft Visual Studio 10.0\VC\bin\CL.exe /c /ZI /nologo /W3 /WX- /Od /Oy- /D WIN32 /D _DEBUG /D _CONSOLE /D _UNICODE /D UNICODE /Gm /EHsc /RTC1 /MDd /GS /fp:precise /Zc:wchar_t /Zc:forScope /Yu"StdAfx.h" /Fp"Debug\254101020_HMM3.pch" /Fo"Debug\\" /Fd"Debug\vc100.pdb" /Gd /TP /analyze- /errorReport:prompt 254101020_HMM3.cpp
         254101020_HMM3.cpp
     1>c:\users\azmut\onedrive\documents\visual studio 2010\projects\254101020_hmm3\254101020_hmm3\254101020_hmm3.cpp(9): warning C4996: 'fopen': This function or variable may be unsafe. Consider using fopen_s instead. To disable deprecation, use _CRT_SECURE_NO_WARNINGS. See online help for details.
                 c:\program files (x86)\microsoft visual studio 10.0\vc\include\stdio.h(234) : see declaration of 'fopen'
     1>c:\users\azmut\onedrive\documents\visual studio 2010\projects\254101020_hmm3\254101020_hmm3\254101020_hmm3.cpp(13): warning C4996: 'fscanf': This function or variable may be unsafe. Consider using fscanf_s instead. To disable deprecation, use _CRT_SECURE_NO_WARNINGS. See online help for details.
                 c:\program files (x86)\microsoft visual studio 10.0\vc\include\stdio.h(253) : see declaration of 'fscanf'
     1>c:\users\azmut\onedrive\documents\visual studio 2010\projects\254101020_hmm3\254101020_hmm3\254101020_hmm3.cpp(16): warning C4996: 'fscanf': This function or variable may be unsafe. Consider using fscanf_s instead. To disable deprecation, use _CRT_SECURE_NO_WARNINGS. See online help for details.
                 c:\program files (x86)\microsoft visual studio 10.0\vc\include\stdio.h(253) : see declaration of 'fscanf'
     1>c:\users\azmut\onedrive\documents\visual studio 2010\projects\254101020_hmm3\254101020_hmm3\254101020_hmm3.cpp(19): warning C4996: 'fscanf': This function or variable may be unsafe. Consider using fscanf_s instead. To disable deprecation, use _CRT_SECURE_NO_WARNINGS. See online help for details.
                 c:\program files (x86)\microsoft visual studio 10.0\vc\include\stdio.h(253) : see declaration of 'fscanf'
     1>c:\users\azmut\onedrive\documents\visual studio 2010\projects\254101020_hmm3\254101020_hmm3\254101020_hmm3.cpp(26): warning C4996: 'fopen': This function or variable may be unsafe. Consider using fopen_s instead. To disable deprecation, use _CRT_SECURE_NO_WARNINGS. See online help for details.
                 c:\program files (x86)\microsoft visual studio 10.0\vc\include\stdio.h(234) : see declaration of 'fopen'
     1>c:\users\azmut\onedrive\documents\visual studio 2010\projects\254101020_hmm3\254101020_hmm3\254101020_hmm3.cpp(28): warning C4996: 'fscanf': This function or variable may be unsafe. Consider using fscanf_s instead. To disable deprecation, use _CRT_SECURE_NO_WARNINGS. See online help for details.
                 c:\program files (x86)\microsoft visual studio 10.0\vc\include\stdio.h(253) : see declaration of 'fscanf'
     1>c:\users\azmut\onedrive\documents\visual studio 2010\projects\254101020_hmm3\254101020_hmm3\254101020_hmm3.cpp(171): warning C4566: character represented by universal-character-name '\u03BB' cannot be represented in the current code page (1252)
     1>c:\users\azmut\onedrive\documents\visual studio 2010\projects\254101020_hmm3\254101020_hmm3\254101020_hmm3.cpp(178): warning C4996: 'fopen': This function or variable may be unsafe. Consider using fopen_s instead. To disable deprecation, use _CRT_SECURE_NO_WARNINGS. See online help for details.
                 c:\program files (x86)\microsoft visual studio 10.0\vc\include\stdio.h(234) : see declaration of 'fopen'
     1>c:\users\azmut\onedrive\documents\visual studio 2010\projects\254101020_hmm3\254101020_hmm3\254101020_hmm3.cpp(182): warning C4996: 'fopen': This function or variable may be unsafe. Consider using fopen_s instead. To disable deprecation, use _CRT_SECURE_NO_WARNINGS. See online help for details.
                 c:\program files (x86)\microsoft visual studio 10.0\vc\include\stdio.h(234) : see declaration of 'fopen'
     1>c:\users\azmut\onedrive\documents\visual studio 2010\projects\254101020_hmm3\254101020_hmm3\254101020_hmm3.cpp(186): warning C4996: 'fopen': This function or variable may be unsafe. Consider using fopen_s instead. To disable deprecation, use _CRT_SECURE_NO_WARNINGS. See online help for details.
                 c:\program files (x86)\microsoft visual studio 10.0\vc\include\stdio.h(234) : see declaration of 'fopen'
       ManifestResourceCompile:
         C:\Program Files (x86)\Microsoft SDKs\Windows\v7.0A\bin\rc.exe /nologo /fo"Debug\254101020_HMM3.exe.embed.manifest.res" Debug\254101020_HMM3_manifest.rc 
       Link:
         C:\Program Files (x86)\Microsoft Visual Studio 10.0\VC\bin\link.exe /ERRORREPORT:PROMPT /OUT:"c:\users\azmut\onedrive\documents\visual studio 2010\Projects\254101020_HMM3\Debug\254101020_HMM3.exe" /INCREMENTAL /NOLOGO kernel32.lib user32.lib gdi32.lib winspool.lib comdlg32.lib advapi32.lib shell32.lib ole32.lib oleaut32.lib uuid.lib odbc32.lib odbccp32.lib /MANIFEST /ManifestFile:"Debug\254101020_HMM3.exe.intermediate.manifest" /MANIFESTUAC:"level='asInvoker' uiAccess='false'" /DEBUG /PDB:"c:\users\azmut\onedrive\documents\visual studio 2010\Projects\254101020_HMM3\Debug\254101020_HMM3.pdb" /SUBSYSTEM:CONSOLE /TLBID:1 /DYNAMICBASE /NXCOMPAT /IMPLIB:"c:\users\azmut\onedrive\documents\visual studio 2010\Projects\254101020_HMM3\Debug\254101020_HMM3.lib" /MACHINE:X86 Debug\254101020_HMM3.exe.embed.manifest.res
         Debug\254101020_HMM3.obj
         Debug\stdafx.obj
       Manifest:
         C:\Program Files (x86)\Microsoft SDKs\Windows\v7.0A\bin\mt.exe /nologo /verbose /out:"Debug\254101020_HMM3.exe.embed.manifest" /manifest Debug\254101020_HMM3.exe.intermediate.manifest
         C:\Program Files (x86)\Microsoft SDKs\Windows\v7.0A\bin\rc.exe /nologo /fo"Debug\254101020_HMM3.exe.embed.manifest.res" Debug\254101020_HMM3_manifest.rc 
       LinkEmbedManifest:
         C:\Program Files (x86)\Microsoft Visual Studio 10.0\VC\bin\link.exe /ERRORREPORT:PROMPT /OUT:"c:\users\azmut\onedrive\documents\visual studio 2010\Projects\254101020_HMM3\Debug\254101020_HMM3.exe" /INCREMENTAL /NOLOGO kernel32.lib user32.lib gdi32.lib winspool.lib comdlg32.lib advapi32.lib shell32.lib ole32.lib oleaut32.lib uuid.lib odbc32.lib odbccp32.lib /MANIFEST /ManifestFile:"Debug\254101020_HMM3.exe.intermediate.manifest" /MANIFESTUAC:"level='asInvoker' uiAccess='false'" /DEBUG /PDB:"c:\users\azmut\onedrive\documents\visual studio 2010\Projects\254101020_HMM3\Debug\254101020_HMM3.pdb" /SUBSYSTEM:CONSOLE /TLBID:1 /DYNAMICBASE /NXCOMPAT /IMPLIB:"c:\users\azmut\onedrive\documents\visual studio 2010\Projects\254101020_HMM3\Debug\254101020_HMM3.lib" /MACHINE:X86 Debug\254101020_HMM3.exe.embed.manifest.res
         Debug\254101020_HMM3.obj
         Debug\stdafx.obj
         254101020_HMM3.vcxproj -> c:\users\azmut\onedrive\documents\visual studio 2010\Projects\254101020_HMM3\Debug\254101020_HMM3.exe
       FinalizeBuildStatus:
         Deleting file "Debug\254101020_HMM3.unsuccessfulbuild".
         Touching "Debug\254101020_HMM3.lastbuildstate".
     1>Done Building Project "c:\Users\azmut\OneDrive\documents\visual studio 2010\Projects\254101020_HMM3\254101020_HMM3\254101020_HMM3.vcxproj" (build target(s)).

Build succeeded.

Time Elapsed 00:00:02.38
