Build started 01-09-2025 19:10:46.
     1>Project "C:\Users\azmut\OneDrive\documents\visual studio 2010\Projects\254101020_yes_no_2\254101020_yes_no_2\254101020_yes_no_2.vcxproj" on node 2 (build target(s)).
     1>InitializeBuildStatus:
         Creating "Debug\254101020_yes_no_2.unsuccessfulbuild" because "AlwaysCreate" was specified.
       ClCompile:
         All outputs are up-to-date.
         C:\Program Files (x86)\Microsoft Visual Studio 10.0\VC\bin\CL.exe /c /ZI /nologo /W3 /WX- /Od /Oy- /D WIN32 /D _DEBUG /D _CONSOLE /D _UNICODE /D UNICODE /Gm /EHsc /RTC1 /MDd /GS /fp:precise /Zc:wchar_t /Zc:forScope /Yu"StdAfx.h" /Fp"Debug\254101020_yes_no_2.pch" /Fo"Debug\\" /Fd"Debug\vc100.pdb" /Gd /TP /analyze- /errorReport:prompt 254101020_yes_no_2.cpp
         254101020_yes_no_2.cpp
     1>c:\users\azmut\onedrive\documents\visual studio 2010\projects\254101020_yes_no_2\254101020_yes_no_2\254101020_yes_no_2.cpp(43): warning C4244: 'initializing' : conversion from 'double' to 'const int', possible loss of data
       ManifestResourceCompile:
         All outputs are up-to-date.
       Link:
         C:\Program Files (x86)\Microsoft Visual Studio 10.0\VC\bin\link.exe /ERRORREPORT:PROMPT /OUT:"C:\Users\azmut\onedrive\documents\visual studio 2010\Projects\254101020_yes_no_2\Debug\254101020_yes_no_2.exe" /INCREMENTAL /NOLOGO kernel32.lib user32.lib gdi32.lib winspool.lib comdlg32.lib advapi32.lib shell32.lib ole32.lib oleaut32.lib uuid.lib odbc32.lib odbccp32.lib /MANIFEST /ManifestFile:"Debug\254101020_yes_no_2.exe.intermediate.manifest" /MANIFESTUAC:"level='asInvoker' uiAccess='false'" /DEBUG /PDB:"C:\Users\azmut\onedrive\documents\visual studio 2010\Projects\254101020_yes_no_2\Debug\254101020_yes_no_2.pdb" /SUBSYSTEM:CONSOLE /TLBID:1 /DYNAMICBASE /NXCOMPAT /IMPLIB:"C:\Users\azmut\onedrive\documents\visual studio 2010\Projects\254101020_yes_no_2\Debug\254101020_yes_no_2.lib" /MACHINE:X86 Debug\254101020_yes_no_2.exe.embed.manifest.res
         Debug\254101020_yes_no_2.obj
         Debug\stdafx.obj
       Manifest:
         C:\Program Files (x86)\Microsoft SDKs\Windows\v7.0A\bin\mt.exe /nologo /verbose /out:"Debug\254101020_yes_no_2.exe.embed.manifest" /manifest Debug\254101020_yes_no_2.exe.intermediate.manifest
         All outputs are up-to-date.
       LinkEmbedManifest:
         All outputs are up-to-date.
         254101020_yes_no_2.vcxproj -> C:\Users\azmut\onedrive\documents\visual studio 2010\Projects\254101020_yes_no_2\Debug\254101020_yes_no_2.exe
       FinalizeBuildStatus:
         Deleting file "Debug\254101020_yes_no_2.unsuccessfulbuild".
         Touching "Debug\254101020_yes_no_2.lastbuildstate".
     1>Done Building Project "C:\Users\azmut\OneDrive\documents\visual studio 2010\Projects\254101020_yes_no_2\254101020_yes_no_2\254101020_yes_no_2.vcxproj" (build target(s)).

Build succeeded.

Time Elapsed 00:00:01.96
